ProjectName : future_example
InputFolder : /users/ladmin/repos/github/xanthos/example/input
OutputFolder: /users/ladmin/repos/github/xanthos/example/output/future_example
Precipitation File          : /users/ladmin/repos/github/xanthos/example/input/climate/pr_bced_1960_1999_ipsl-cm5a-lr_rcp4p5_MonAvg_200601_202012.nc
Temperature File            : /users/ladmin/repos/github/xanthos/example/input/climate/tas_bced_1960_1999_ipsl-cm5a-lr_rcp4p5_MonAvg_200601_202012.nc
Daily Temperature Range File: /users/ladmin/repos/github/xanthos/example/input/climate/dtr_bced_1960_1999_ipsl-cm5a-lr_rcp4p5_MonAvg_200601_202012.nc
StartYear - End Year        : 2006-2020
Number of Months            : 180
Running:  Future Mode
Historic Soil Moisture File: /users/ladmin/repos/github/xanthos/example/output/hist_example/Sav_hist_bced_1960_1999_ipsl-cm5a-lr_historical_MonAvg_199601_200512.nc
Historic Channel Storage File: /users/ladmin/repos/github/xanthos/example/output/hist_example/ChStorage_hist_bced_1960_1999_ipsl-cm5a-lr_historical_MonAvg_199601_200512.nc
# Start Hydrologic Model:
---Load Climate Data: 0.380414962769 seconds ---
---Load Gridded Map Data: 1.49775910378 seconds ---
---Simulation of the Global Water Balance Model (GWBM): 
------Prepare simulation Data: 2.33928084373 seconds ------
------Start the simulation for all months: 
Year: 2006
Year: 2007
Year: 2008
Year: 2009
Year: 2010
Year: 2011
Year: 2012
Year: 2013
Year: 2014
Year: 2015
Year: 2016
Year: 2017
Year: 2018
Year: 2019
Year: 2020
------Simulation has finished successfully: 216.21498394 seconds ------
---Output simulation results:
Save in netcdf files
Unit is  mm/month
Output dimension is (67420, 180)
---Output finished: 0.659683227539 seconds ---
# Hydrologic Model total time: 219.214056969 seconds
End of future_example
