ProjectName : hist_example
InputFolder : /users/ladmin/repos/github/xanthos/example/input
OutputFolder: /users/ladmin/repos/github/xanthos/example/output/hist_example
Precipitation File          : /users/ladmin/repos/github/xanthos/example/input/climate/pr_bced_1960_1999_ipsl-cm5a-lr_historical_MonAvg_199601_200512.nc
Temperature File            : /users/ladmin/repos/github/xanthos/example/input/climate/tas_bced_1960_1999_ipsl-cm5a-lr_historical_MonAvg_199601_200512.nc
Daily Temperature Range File: /users/ladmin/repos/github/xanthos/example/input/climate/dtr_bced_1960_1999_ipsl-cm5a-lr_historical_MonAvg_199601_200512.nc
StartYear - End Year        : 1996-2005
Number of Months            : 120
Running: Historic Mode
Spin-up     :Initialize the model using the first 3 years
# Start Hydrologic Model:
---Load Climate Data: 0.177057981491 seconds ---
---Load Gridded Map Data: 1.73905205727 seconds ---
---Simulation of the Global Water Balance Model (GWBM): 
------Prepare simulation Data: 2.29515504837 seconds ------
------Start the spin-up initialization:
Year: 1996
Year: 1997
Year: 1998
------Spin-up has finished successfully: 33.5442950726 seconds ------
------Start the simulation for all months: 
Year: 1996
Year: 1997
Year: 1998
Year: 1999
Year: 2000
Year: 2001
Year: 2002
Year: 2003
Year: 2004
Year: 2005
------Simulation has finished successfully: 116.266433001 seconds ------
---Output simulation results:
Save in netcdf files
Unit is  mm/month
Output dimension is (67420, 120)
The following two files are saved as initialization data sets (latest month) for future mode:
ChStorage: monthly output, unit is m^3/month, dimension is (67420, 120)
Soil column moisture: monthly output, unit is mm/month, dimension is (67420, 120)
---Output finished: 0.561177968979 seconds ---
# Hydrologic Model total time: 152.667185068 seconds
End of hist_example
