ProjectName : pm_abcd_mrtm_watch_1971_2001
InputFolder : /Users/d3y010/repos/github/xanthos/example/input
OutputFolder: /Users/d3y010/repos/github/xanthos/example/output/pm_abcd_mrtm_watch_1971_2001
StartYear - End Year: 1971-2001
Number of Months    : 372
Running: Historic Mode
Diagnostics will be performed using the data file: /Users/d3y010/repos/github/xanthos/example/input/diagnostics/vic_watch_hist_nosoc_co2_qtot_global_annual_1971_2000.nc
---Simulation in progress... 
	Processing PET...
		Processing Years:  1971 to 1972
		Processing Years:  1972 to 1973
		Processing Years:  1973 to 1974
		Processing Years:  1974 to 1975
		Processing Years:  1975 to 1976
		Processing Years:  1976 to 1977
		Processing Years:  1977 to 1978
		Processing Years:  1978 to 1979
		Processing Years:  1979 to 1980
		Processing Years:  1980 to 1981
		Processing Years:  1981 to 1982
		Processing Years:  1982 to 1983
		Processing Years:  1983 to 1984
		Processing Years:  1984 to 1985
		Processing Years:  1985 to 1986
		Processing Years:  1986 to 1987
		Processing Years:  1987 to 1988
		Processing Years:  1988 to 1989
		Processing Years:  1989 to 1990
		Processing Years:  1990 to 1991
		Processing Years:  1991 to 1992
		Processing Years:  1992 to 1993
		Processing Years:  1993 to 1994
		Processing Years:  1994 to 1995
		Processing Years:  1995 to 1996
		Processing Years:  1996 to 1997
		Processing Years:  1997 to 1998
		Processing Years:  1998 to 1999
		Processing Years:  1999 to 2000
		Processing Years:  2000 to 2001
		Processing Years:  2001 to 2001
	PET processed in 180.90926313400269 seconds---
	Processing Runoff...
		Processing spin-up and simulation for basins 1...235
	Runoff processed in 9.450148105621338 seconds---
	Processing Routing...
	Routing processed in 293.9315240383148 seconds---
---Simulation has finished successfully: 484.2915008068085 seconds ---
---Start Accessible Water:
---Accessible Water has finished successfully: 4.143758058547974 seconds ------
---Start Hydropower Potential:
---Hydropower Potential has finished successfully: 5.905572891235352 seconds ------
---Start Hydropower Actual:
---Hydropower Actual has finished successfully: 71.02890181541443 seconds ------
---Start Diagnostics:
---Diagnostics has finished successfully: 2.0282790660858154 seconds ------
---Output simulation results:
Save in CSV files
Output data annually
Unit is km3peryear
Output dimension is (67420, 31)
The following two files are saved as initialization data sets (latest month) for future mode:
ChStorage: monthly output, unit is m^3, dimension is (67420, 372)
Soil column moisture: monthly output, unit is mm/month, dimension is (67420, 372)
---Output finished: 12.922757148742676 seconds ---
---Start Aggregation:
Aggregating by Basin
Basin_runoff: unit is km3peryear
Aggregating by Country
Country_runoff: unit is km3peryear
Aggregating by GCAM Region
Country_runoff: unit is 
---Aggregation has finished successfully: 12.371721029281616 seconds ------
End of pm_abcd_mrtm_watch_1971_2001
